# JRE version: Java(TM) SE Runtime Environment (8.0_441) (build 1.8.0_441-b07)
# Java VM: Java HotSpot(TM) 64-Bit Server VM (25.441-b07 mixed mode windows-amd64 compressed oops)
Heap:
 PSYoungGen      total 37888K, used 22944K [0x00000000d6a00000, 0x00000000da280000, 0x0000000100000000)
  eden space 32768K, 54% used [0x00000000d6a00000,0x00000000d7b6a370,0x00000000d8a00000)
  from space 5120K, 99% used [0x00000000d8a00000,0x00000000d8efde18,0x00000000d8f00000)
  to   space 5120K, 0% used [0x00000000d9d80000,0x00000000d9d80000,0x00000000da280000)
 ParOldGen       total 62464K, used 8178K [0x0000000083e00000, 0x0000000087b00000, 0x00000000d6a00000)
  object space 62464K, 13% used [0x0000000083e00000,0x00000000845fc9d8,0x0000000087b00000)
 Metaspace       used 29259K, capacity 29848K, committed 29952K, reserved 1075200K
  class space    used 3921K, capacity 4051K, committed 4096K, reserved 1048576K
GC Heap History (8 events):
Event: 0.777 GC heap before
{Heap before GC invocations=1 (full 0):
 PSYoungGen      total 37888K, used 32768K [0x00000000d6a00000, 0x00000000d9400000, 0x0000000100000000)
  eden space 32768K, 100% used [0x00000000d6a00000,0x00000000d8a00000,0x00000000d8a00000)
  from space 5120K, 0% used [0x00000000d8f00000,0x00000000d8f00000,0x00000000d9400000)
  to   space 5120K, 0% used [0x00000000d8a00000,0x00000000d8a00000,0x00000000d8f00000)
 ParOldGen       total 86016K, used 0K [0x0000000083e00000, 0x0000000089200000, 0x00000000d6a00000)
  object space 86016K, 0% used [0x0000000083e00000,0x0000000083e00000,0x0000000089200000)
 Metaspace       used 15114K, capacity 15400K, committed 15744K, reserved 1062912K
  class space    used 1957K, capacity 2061K, committed 2176K, reserved 1048576K
Event: 0.782 GC heap after
Heap after GC invocations=1 (full 0):
 PSYoungGen      total 37888K, used 5100K [0x00000000d6a00000, 0x00000000d9400000, 0x0000000100000000)
  eden space 32768K, 0% used [0x00000000d6a00000,0x00000000d6a00000,0x00000000d8a00000)
  from space 5120K, 99% used [0x00000000d8a00000,0x00000000d8efb3e0,0x00000000d8f00000)
  to   space 5120K, 0% used [0x00000000d8f00000,0x00000000d8f00000,0x00000000d9400000)
 ParOldGen       total 86016K, used 2066K [0x0000000083e00000, 0x0000000089200000, 0x00000000d6a00000)
  object space 86016K, 2% used [0x0000000083e00000,0x0000000084004890,0x0000000089200000)
 Metaspace       used 15114K, capacity 15400K, committed 15744K, reserved 1062912K
  class space    used 1957K, capacity 2061K, committed 2176K, reserved 1048576K
}
Event: 1.297 GC heap before
{Heap before GC invocations=2 (full 0):
 PSYoungGen      total 37888K, used 29620K [0x00000000d6a00000, 0x00000000d9400000, 0x0000000100000000)
  eden space 32768K, 74% used [0x00000000d6a00000,0x00000000d81f1f50,0x00000000d8a00000)
  from space 5120K, 99% used [0x00000000d8a00000,0x00000000d8efb3e0,0x00000000d8f00000)
  to   space 5120K, 0% used [0x00000000d8f00000,0x00000000d8f00000,0x00000000d9400000)
 ParOldGen       total 86016K, used 2066K [0x0000000083e00000, 0x0000000089200000, 0x00000000d6a00000)
  object space 86016K, 2% used [0x0000000083e00000,0x0000000084004890,0x0000000089200000)
 Metaspace       used 20733K, capacity 21082K, committed 21248K, reserved 1067008K
  class space    used 2622K, capacity 2734K, committed 2816K, reserved 1048576K
Event: 1.303 GC heap after
Heap after GC invocations=2 (full 0):
 PSYoungGen      total 37888K, used 5091K [0x00000000d6a00000, 0x00000000d9400000, 0x0000000100000000)
  eden space 32768K, 0% used [0x00000000d6a00000,0x00000000d6a00000,0x00000000d8a00000)
  from space 5120K, 99% used [0x00000000d8f00000,0x00000000d93f8ef8,0x00000000d9400000)
  to   space 5120K, 0% used [0x00000000d8a00000,0x00000000d8a00000,0x00000000d8f00000)
 ParOldGen       total 86016K, used 4542K [0x0000000083e00000, 0x0000000089200000, 0x00000000d6a00000)
  object space 86016K, 5% used [0x0000000083e00000,0x000000008426fa68,0x0000000089200000)
 Metaspace       used 20733K, capacity 21082K, committed 21248K, reserved 1067008K
  class space    used 2622K, capacity 2734K, committed 2816K, reserved 1048576K
}
Event: 1.303 GC heap before
{Heap before GC invocations=3 (full 1):
 PSYoungGen      total 37888K, used 5091K [0x00000000d6a00000, 0x00000000d9400000, 0x0000000100000000)
  eden space 32768K, 0% used [0x00000000d6a00000,0x00000000d6a00000,0x00000000d8a00000)
  from space 5120K, 99% used [0x00000000d8f00000,0x00000000d93f8ef8,0x00000000d9400000)
  to   space 5120K, 0% used [0x00000000d8a00000,0x00000000d8a00000,0x00000000d8f00000)
 ParOldGen       total 86016K, used 4542K [0x0000000083e00000, 0x0000000089200000, 0x00000000d6a00000)
  object space 86016K, 5% used [0x0000000083e00000,0x000000008426fa68,0x0000000089200000)
 Metaspace       used 20733K, capacity 21082K, committed 21248K, reserved 1067008K
  class space    used 2622K, capacity 2734K, committed 2816K, reserved 1048576K
Event: 1.319 GC heap after
Heap after GC invocations=3 (full 1):
 PSYoungGen      total 37888K, used 0K [0x00000000d6a00000, 0x00000000d9400000, 0x0000000100000000)
  eden space 32768K, 0% used [0x00000000d6a00000,0x00000000d6a00000,0x00000000d8a00000)
  from space 5120K, 0% used [0x00000000d8f00000,0x00000000d8f00000,0x00000000d9400000)
  to   space 5120K, 0% used [0x00000000d8a00000,0x00000000d8a00000,0x00000000d8f00000)
 ParOldGen       total 62464K, used 7321K [0x0000000083e00000, 0x0000000087b00000, 0x00000000d6a00000)
  object space 62464K, 11% used [0x0000000083e00000,0x0000000084526458,0x0000000087b00000)
 Metaspace       used 20733K, capacity 21082K, committed 21248K, reserved 1067008K
  class space    used 2622K, capacity 2734K, committed 2816K, reserved 1048576K
}
Event: 1.656 GC heap before
{Heap before GC invocations=4 (full 1):
 PSYoungGen      total 37888K, used 32768K [0x00000000d6a00000, 0x00000000d9400000, 0x0000000100000000)
  eden space 32768K, 100% used [0x00000000d6a00000,0x00000000d8a00000,0x00000000d8a00000)
  from space 5120K, 0% used [0x00000000d8f00000,0x00000000d8f00000,0x00000000d9400000)
  to   space 5120K, 0% used [0x00000000d8a00000,0x00000000d8a00000,0x00000000d8f00000)
 ParOldGen       total 62464K, used 7321K [0x0000000083e00000, 0x0000000087b00000, 0x00000000d6a00000)
  object space 62464K, 11% used [0x0000000083e00000,0x0000000084526458,0x0000000087b00000)
 Metaspace       used 27056K, capacity 27578K, committed 27904K, reserved 1073152K
  class space    used 3606K, capacity 3738K, committed 3840K, reserved 1048576K
Event: 1.661 GC heap after
Heap after GC invocations=4 (full 1):
 PSYoungGen      total 37888K, used 5111K [0x00000000d6a00000, 0x00000000da280000, 0x0000000100000000)
  eden space 32768K, 0% used [0x00000000d6a00000,0x00000000d6a00000,0x00000000d8a00000)
  from space 5120K, 99% used [0x00000000d8a00000,0x00000000d8efde18,0x00000000d8f00000)
  to   space 5120K, 0% used [0x00000000d9d80000,0x00000000d9d80000,0x00000000da280000)
 ParOldGen       total 62464K, used 8178K [0x0000000083e00000, 0x0000000087b00000, 0x00000000d6a00000)
  object space 62464K, 13% used [0x0000000083e00000,0x00000000845fc9d8,0x0000000087b00000)
 Metaspace       used 27056K, capacity 27578K, committed 27904K, reserved 1073152K
  class space    used 3606K, capacity 3738K, committed 3840K, reserved 1048576K
}

